<?xml version="1.0" encoding="UTF-8"?>
<testsuite xmlns:xsi="http://www.w3.org/2001/XMLSchema-instance" xsi:noNamespaceSchemaLocation="https://maven.apache.org/surefire/maven-surefire-plugin/xsd/surefire-test-report.xsd" version="3.0.1" name="com.example.service.MyTest" time="0.055" tests="5" errors="0" skipped="0" failures="0">
  <properties>
    <property name="java.specification.version" value="17"/>
    <property name="sun.cpu.isalist" value="amd64"/>
    <property name="sun.jnu.encoding" value="Cp1252"/>
    <property name="java.class.path" value="C:\Users\piyushbhardwaj\eclipse-workspace\maven_mvc\target\test-classes;C:\Users\piyushbhardwaj\eclipse-workspace\maven_mvc\target\classes;C:\Users\piyushbhardwaj\.m2\repository\junit\junit\4.13.1\junit-4.13.1.jar;C:\Users\piyushbhardwaj\.m2\repository\org\hamcrest\hamcrest-core\1.3\hamcrest-core-1.3.jar;C:\Users\piyushbhardwaj\.m2\repository\org\springframework\spring-webmvc\5.3.20\spring-webmvc-5.3.20.jar;C:\Users\piyushbhardwaj\.m2\repository\org\springframework\spring-aop\5.3.20\spring-aop-5.3.20.jar;C:\Users\piyushbhardwaj\.m2\repository\org\springframework\spring-beans\5.3.20\spring-beans-5.3.20.jar;C:\Users\piyushbhardwaj\.m2\repository\org\springframework\spring-context\5.3.20\spring-context-5.3.20.jar;C:\Users\piyushbhardwaj\.m2\repository\org\springframework\spring-core\5.3.20\spring-core-5.3.20.jar;C:\Users\piyushbhardwaj\.m2\repository\org\springframework\spring-jcl\5.3.20\spring-jcl-5.3.20.jar;C:\Users\piyushbhardwaj\.m2\repository\org\springframework\spring-expression\5.3.20\spring-expression-5.3.20.jar;C:\Users\piyushbhardwaj\.m2\repository\org\springframework\spring-web\5.3.20\spring-web-5.3.20.jar;"/>
    <property name="java.vm.vendor" value="Oracle Corporation"/>
    <property name="sun.arch.data.model" value="64"/>
    <property name="user.variant" value=""/>
    <property name="java.vendor.url" value="https://java.oracle.com/"/>
    <property name="user.timezone" value="Asia/Calcutta"/>
    <property name="os.name" value="Windows 11"/>
    <property name="java.vm.specification.version" value="17"/>
    <property name="sun.java.launcher" value="SUN_STANDARD"/>
    <property name="user.country" value="US"/>
    <property name="sun.boot.library.path" value="C:\Users\piyushbhardwaj\jdk-17.0.2\bin"/>
    <property name="sun.java.command" value="C:\Users\piyushbhardwaj\AppData\Local\Temp\surefire7904514459007945299\surefirebooter-20250305123311625_3.jar C:\Users\piyushbhardwaj\AppData\Local\Temp\surefire7904514459007945299 2025-03-05T12-33-10_080-jvmRun1 surefire-20250305123311625_1tmp surefire_0-20250305123311625_2tmp"/>
    <property name="jdk.debug" value="release"/>
    <property name="surefire.test.class.path" value="C:\Users\piyushbhardwaj\eclipse-workspace\maven_mvc\target\test-classes;C:\Users\piyushbhardwaj\eclipse-workspace\maven_mvc\target\classes;C:\Users\piyushbhardwaj\.m2\repository\junit\junit\4.13.1\junit-4.13.1.jar;C:\Users\piyushbhardwaj\.m2\repository\org\hamcrest\hamcrest-core\1.3\hamcrest-core-1.3.jar;C:\Users\piyushbhardwaj\.m2\repository\org\springframework\spring-webmvc\5.3.20\spring-webmvc-5.3.20.jar;C:\Users\piyushbhardwaj\.m2\repository\org\springframework\spring-aop\5.3.20\spring-aop-5.3.20.jar;C:\Users\piyushbhardwaj\.m2\repository\org\springframework\spring-beans\5.3.20\spring-beans-5.3.20.jar;C:\Users\piyushbhardwaj\.m2\repository\org\springframework\spring-context\5.3.20\spring-context-5.3.20.jar;C:\Users\piyushbhardwaj\.m2\repository\org\springframework\spring-core\5.3.20\spring-core-5.3.20.jar;C:\Users\piyushbhardwaj\.m2\repository\org\springframework\spring-jcl\5.3.20\spring-jcl-5.3.20.jar;C:\Users\piyushbhardwaj\.m2\repository\org\springframework\spring-expression\5.3.20\spring-expression-5.3.20.jar;C:\Users\piyushbhardwaj\.m2\repository\org\springframework\spring-web\5.3.20\spring-web-5.3.20.jar;"/>
    <property name="sun.cpu.endian" value="little"/>
    <property name="user.home" value="C:\Users\piyushbhardwaj"/>
    <property name="user.language" value="en"/>
    <property name="java.specification.vendor" value="Oracle Corporation"/>
    <property name="java.version.date" value="2022-01-18"/>
    <property name="java.home" value="C:\Users\piyushbhardwaj\jdk-17.0.2"/>
    <property name="file.separator" value="\"/>
    <property name="basedir" value="C:\Users\piyushbhardwaj\eclipse-workspace\maven_mvc"/>
    <property name="java.vm.compressedOopsMode" value="Zero based"/>
    <property name="line.separator" value="&#10;"/>
    <property name="java.vm.specification.vendor" value="Oracle Corporation"/>
    <property name="java.specification.name" value="Java Platform API Specification"/>
    <property name="surefire.real.class.path" value="C:\Users\piyushbhardwaj\AppData\Local\Temp\surefire7904514459007945299\surefirebooter-20250305123311625_3.jar"/>
    <property name="user.script" value=""/>
    <property name="sun.management.compiler" value="HotSpot 64-Bit Tiered Compilers"/>
    <property name="java.runtime.version" value="17.0.2+8-86"/>
    <property name="user.name" value="piyushbhardwaj"/>
    <property name="path.separator" value=";"/>
    <property name="os.version" value="10.0"/>
    <property name="java.runtime.name" value="OpenJDK Runtime Environment"/>
    <property name="file.encoding" value="Cp1252"/>
    <property name="java.vm.name" value="OpenJDK 64-Bit Server VM"/>
    <property name="localRepository" value="C:\Users\piyushbhardwaj\.m2\repository"/>
    <property name="java.vendor.url.bug" value="https://bugreport.java.com/bugreport/"/>
    <property name="java.io.tmpdir" value="C:\Users\PIYUSH~1\AppData\Local\Temp\"/>
    <property name="java.version" value="17.0.2"/>
    <property name="user.dir" value="C:\Users\piyushbhardwaj\eclipse-workspace\maven_mvc"/>
    <property name="os.arch" value="amd64"/>
    <property name="java.vm.specification.name" value="Java Virtual Machine Specification"/>
    <property name="sun.os.patch.level" value=""/>
    <property name="native.encoding" value="Cp1252"/>
    <property name="java.library.path" value="C:\Users\piyushbhardwaj\jdk-17.0.2\bin;C:\Windows\Sun\Java\bin;C:\Windows\system32;C:\Windows;C:\Windows\system32;C:\Windows;C:\Windows\System32\Wbem;C:\Windows\System32\WindowsPowerShell\v1.0\;C:\Windows\System32\OpenSSH\;C:\Program Files\TortoiseSVN\bin;C:\Program Files\Git\cmd;C:\Users\piyushbhardwaj\Terraform;C:\Users\piyushbhardwaj\apache-maven-3.9.9\bin;C:\Users\piyushbhardwaj\sonarqube-25.1.0.102122\bin\windows-x86-64;C:\Program Files\Microsoft VS Code\bin;C:\Users\piyushbhardwaj\artifactory-oss-7.98.14\app\bin;C:\Users\piyushbhardwaj\artifactory-oss-7.98.14\app\artifactory\tomcat\bin;C:\Users\piyushbhardwaj\AppData\Local\Microsoft\WindowsApps;C:\Users\piyushbhardwaj\jdk-17.0.2\bin;C:\Users\piyushbhardwaj\jdk-11.0.2\bin;;."/>
    <property name="java.vm.info" value="mixed mode, sharing"/>
    <property name="java.vendor" value="Oracle Corporation"/>
    <property name="java.vm.version" value="17.0.2+8-86"/>
    <property name="sun.io.unicode.encoding" value="UnicodeLittle"/>
    <property name="java.class.version" value="61.0"/>
  </properties>
  <testcase name="divideTest" classname="com.example.service.MyTest" time="0.001"/>
  <testcase name="addTest" classname="com.example.service.MyTest" time="0.0"/>
  <testcase name="divideByZeroTest" classname="com.example.service.MyTest" time="0.0"/>
  <testcase name="multiplyTest" classname="com.example.service.MyTest" time="0.0"/>
  <testcase name="subtractTest" classname="com.example.service.MyTest" time="0.0"/>
</testsuite>